<?xml version="1.0" encoding="UTF-8"?>
<!-- Generated by org.testng.reporters.JUnitReportReporter -->
<testsuite hostname="LAPTOP-NTBPMJL5" failures="0" tests="1" name="mySQL.SampleTest" time="0.448" errors="0" timestamp="2024-07-30T22:23:57 PDT" skipped="0">
  <testcase classname="mySQL.SampleTest" name="testDB" time="0.448"/>
</testsuite> <!-- mySQL.SampleTest -->
